  [1m[36m (118.0ms)[0m  [1mCREATE TABLE "schema_migrations" ("version" varchar(255) NOT NULL) [0m
  [1m[35m (0.2ms)[0m  select sqlite_version(*)
  [1m[36m (133.5ms)[0m  [1mCREATE UNIQUE INDEX "unique_schema_migrations" ON "schema_migrations" ("version")[0m
  [1m[35mActiveRecord::SchemaMigration Load (0.2ms)[0m  SELECT "schema_migrations".* FROM "schema_migrations"
Migrating to CreateClientes (20150207184305)
  [1m[36m (0.1ms)[0m  [1mbegin transaction[0m
  [1m[35m (0.7ms)[0m  CREATE TABLE "clientes" ("id" INTEGER PRIMARY KEY AUTOINCREMENT NOT NULL, "razaosocial" varchar(255), "nomefantasia" varchar(255), "tipo" varchar(255), "documento" varchar(255), "telefone" varchar(255), "created_at" datetime, "updated_at" datetime) 
  [1m[36m (0.4ms)[0m  [1mCREATE UNIQUE INDEX "index_clientes_on_documento" ON "clientes" ("documento")[0m
  [1m[35mSQL (0.3ms)[0m  INSERT INTO "schema_migrations" ("version") VALUES (?)  [["version", "20150207184305"]]
  [1m[36m (128.0ms)[0m  [1mcommit transaction[0m
  [1m[35mActiveRecord::SchemaMigration Load (0.1ms)[0m  SELECT "schema_migrations".* FROM "schema_migrations"
  [1m[36m (0.2ms)[0m  [1m            SELECT sql
            FROM sqlite_master
            WHERE name='index_clientes_on_documento' AND type='index'
            UNION ALL
            SELECT sql
            FROM sqlite_temp_master
            WHERE name='index_clientes_on_documento' AND type='index'
[0m
  [1m[36m (0.2ms)[0m  [1mbegin transaction[0m
  [1m[35mSQL (0.4ms)[0m  INSERT INTO "clientes" ("created_at", "documento", "updated_at") VALUES (?, ?, ?)  [["created_at", "2015-02-07 18:49:10.338377"], ["documento", "458"], ["updated_at", "2015-02-07 18:49:10.338377"]]
  [1m[36m (166.6ms)[0m  [1mcommit transaction[0m
  [1m[35mCliente Load (0.5ms)[0m  SELECT  "clientes".* FROM "clientes"   ORDER BY "clientes"."id" ASC LIMIT 1


Started GET "/" for 127.0.0.1 at 2015-02-07 17:22:49 -0200
  [1m[36mActiveRecord::SchemaMigration Load (0.1ms)[0m  [1mSELECT "schema_migrations".* FROM "schema_migrations"[0m

ActiveRecord::PendingMigrationError (

Migrations are pending. To resolve this issue, run:

	bin/rake db:migrate RAILS_ENV=development

):
  activerecord (4.1.4) lib/active_record/migration.rb:389:in `check_pending!'
  activerecord (4.1.4) lib/active_record/migration.rb:377:in `call'
  actionpack (4.1.4) lib/action_dispatch/middleware/callbacks.rb:29:in `block in call'
  activesupport (4.1.4) lib/active_support/callbacks.rb:82:in `run_callbacks'
  actionpack (4.1.4) lib/action_dispatch/middleware/callbacks.rb:27:in `call'
  actionpack (4.1.4) lib/action_dispatch/middleware/reloader.rb:73:in `call'
  actionpack (4.1.4) lib/action_dispatch/middleware/remote_ip.rb:76:in `call'
  actionpack (4.1.4) lib/action_dispatch/middleware/debug_exceptions.rb:17:in `call'
  actionpack (4.1.4) lib/action_dispatch/middleware/show_exceptions.rb:30:in `call'
  railties (4.1.4) lib/rails/rack/logger.rb:38:in `call_app'
  railties (4.1.4) lib/rails/rack/logger.rb:20:in `block in call'
  activesupport (4.1.4) lib/active_support/tagged_logging.rb:68:in `block in tagged'
  activesupport (4.1.4) lib/active_support/tagged_logging.rb:26:in `tagged'
  activesupport (4.1.4) lib/active_support/tagged_logging.rb:68:in `tagged'
  railties (4.1.4) lib/rails/rack/logger.rb:20:in `call'
  actionpack (4.1.4) lib/action_dispatch/middleware/request_id.rb:21:in `call'
  rack (1.5.2) lib/rack/methodoverride.rb:21:in `call'
  rack (1.5.2) lib/rack/runtime.rb:17:in `call'
  activesupport (4.1.4) lib/active_support/cache/strategy/local_cache_middleware.rb:26:in `call'
  rack (1.5.2) lib/rack/lock.rb:17:in `call'
  actionpack (4.1.4) lib/action_dispatch/middleware/static.rb:64:in `call'
  rack (1.5.2) lib/rack/sendfile.rb:112:in `call'
  railties (4.1.4) lib/rails/engine.rb:514:in `call'
  railties (4.1.4) lib/rails/application.rb:144:in `call'
  rack (1.5.2) lib/rack/lock.rb:17:in `call'
  rack (1.5.2) lib/rack/content_length.rb:14:in `call'
  rack (1.5.2) lib/rack/handler/webrick.rb:60:in `service'
  /usr/lib/ruby/2.1.0/webrick/httpserver.rb:138:in `service'
  /usr/lib/ruby/2.1.0/webrick/httpserver.rb:94:in `run'
  /usr/lib/ruby/2.1.0/webrick/server.rb:295:in `block in start_thread'


  Rendered /var/lib/gems/2.1.0/gems/actionpack-4.1.4/lib/action_dispatch/middleware/templates/rescues/_source.erb (1.4ms)
  Rendered /var/lib/gems/2.1.0/gems/actionpack-4.1.4/lib/action_dispatch/middleware/templates/rescues/_trace.html.erb (1.5ms)
  Rendered /var/lib/gems/2.1.0/gems/actionpack-4.1.4/lib/action_dispatch/middleware/templates/rescues/_request_and_response.html.erb (2.1ms)
  Rendered /var/lib/gems/2.1.0/gems/actionpack-4.1.4/lib/action_dispatch/middleware/templates/rescues/diagnostics.erb within rescues/layout (22.5ms)
  [1m[36mActiveRecord::SchemaMigration Load (0.1ms)[0m  [1mSELECT "schema_migrations".* FROM "schema_migrations"[0m
Migrating to CreateClientes (20150207191702)
  [1m[35m (0.1ms)[0m  begin transaction
  [1m[36m (0.2ms)[0m  [1mCREATE TABLE "clientes" ("id" INTEGER PRIMARY KEY AUTOINCREMENT NOT NULL, "razaosocial" varchar(255), "nomefantasia" varchar(255), "tipo" varchar(255), "documento" varchar(255), "telefone" varchar(255), "created_at" datetime, "updated_at" datetime) [0m
SQLite3::SQLException: table "clientes" already exists: CREATE TABLE "clientes" ("id" INTEGER PRIMARY KEY AUTOINCREMENT NOT NULL, "razaosocial" varchar(255), "nomefantasia" varchar(255), "tipo" varchar(255), "documento" varchar(255), "telefone" varchar(255), "created_at" datetime, "updated_at" datetime) 
  [1m[35m (0.1ms)[0m  rollback transaction
  [1m[36mActiveRecord::SchemaMigration Load (0.1ms)[0m  [1mSELECT "schema_migrations".* FROM "schema_migrations"[0m
Migrating to CreateClientes (20150207191702)
  [1m[35m (0.1ms)[0m  begin transaction
  [1m[36m (0.4ms)[0m  [1mCREATE TABLE "clientes" ("id" INTEGER PRIMARY KEY AUTOINCREMENT NOT NULL, "razaosocial" varchar(255), "nomefantasia" varchar(255), "tipo" varchar(255), "documento" varchar(255), "telefone" varchar(255), "created_at" datetime, "updated_at" datetime) [0m
  [1m[35m (0.1ms)[0m  select sqlite_version(*)
  [1m[36m (0.2ms)[0m  [1mCREATE UNIQUE INDEX "index_clientes_on_documento" ON "clientes" ("documento")[0m
  [1m[35mSQL (0.2ms)[0m  INSERT INTO "schema_migrations" ("version") VALUES (?)  [["version", "20150207191702"]]
  [1m[36m (139.8ms)[0m  [1mcommit transaction[0m
  [1m[35mActiveRecord::SchemaMigration Load (0.2ms)[0m  SELECT "schema_migrations".* FROM "schema_migrations"
  [1m[36m (0.1ms)[0m  [1m            SELECT sql
            FROM sqlite_master
            WHERE name='index_clientes_on_documento' AND type='index'
            UNION ALL
            SELECT sql
            FROM sqlite_temp_master
            WHERE name='index_clientes_on_documento' AND type='index'
[0m


Started GET "/" for 127.0.0.1 at 2015-02-07 17:24:07 -0200
  [1m[36mActiveRecord::SchemaMigration Load (0.1ms)[0m  [1mSELECT "schema_migrations".* FROM "schema_migrations"[0m
Processing by Rails::WelcomeController#index as HTML
  Rendered /var/lib/gems/2.1.0/gems/railties-4.1.4/lib/rails/templates/rails/welcome/index.html.erb (1.8ms)
Completed 200 OK in 33ms (Views: 18.7ms | ActiveRecord: 0.0ms)


Started GET "/rails/info/properties" for 127.0.0.1 at 2015-02-07 17:24:25 -0200
Processing by Rails::InfoController#properties as */*
  [1m[35mActiveRecord::SchemaMigration Load (0.2ms)[0m  SELECT "schema_migrations".* FROM "schema_migrations"
  Rendered /var/lib/gems/2.1.0/gems/railties-4.1.4/lib/rails/templates/rails/info/properties.html.erb (0.5ms)
Completed 200 OK in 21ms (Views: 6.4ms | ActiveRecord: 0.5ms)


Started GET "/clientes" for 127.0.0.1 at 2015-02-07 17:27:09 -0200
Processing by ClientesController#index as HTML
  [1m[36mCliente Load (0.2ms)[0m  [1mSELECT "clientes".* FROM "clientes"[0m
  Rendered clientes/index.html.erb within layouts/application (1.9ms)
Completed 200 OK in 1113ms (Views: 1110.6ms | ActiveRecord: 0.2ms)


Started GET "/assets/clientes.css?body=1" for 127.0.0.1 at 2015-02-07 17:27:10 -0200


Started GET "/assets/jquery_ujs.js?body=1" for 127.0.0.1 at 2015-02-07 17:27:10 -0200


Started GET "/assets/application.css?body=1" for 127.0.0.1 at 2015-02-07 17:27:10 -0200


Started GET "/assets/scaffolds.css?body=1" for 127.0.0.1 at 2015-02-07 17:27:10 -0200


Started GET "/assets/jquery.js?body=1" for 127.0.0.1 at 2015-02-07 17:27:10 -0200


Started GET "/assets/turbolinks.js?body=1" for 127.0.0.1 at 2015-02-07 17:27:10 -0200


Started GET "/assets/clientes.js?body=1" for 127.0.0.1 at 2015-02-07 17:27:10 -0200


Started GET "/assets/application.js?body=1" for 127.0.0.1 at 2015-02-07 17:27:10 -0200


Started GET "/clientes/new" for 127.0.0.1 at 2015-02-07 17:33:13 -0200
Processing by ClientesController#new as HTML
  Rendered clientes/_form.html.erb (58.4ms)
  Rendered clientes/new.html.erb within layouts/application (88.9ms)
Completed 200 OK in 136ms (Views: 133.8ms | ActiveRecord: 0.5ms)


Started GET "/assets/scaffolds.css?body=1" for 127.0.0.1 at 2015-02-07 17:33:46 -0200


Started GET "/assets/clientes.css?body=1" for 127.0.0.1 at 2015-02-07 17:33:46 -0200


Started GET "/assets/application.css?body=1" for 127.0.0.1 at 2015-02-07 17:33:46 -0200


Started POST "/clientes" for 127.0.0.1 at 2015-02-07 17:34:14 -0200
Processing by ClientesController#create as HTML
  Parameters: {"utf8"=>"✓", "authenticity_token"=>"AUDKISnV020VrDE18YceTFHvRymUxj+kXnnztuRFvhs=", "cliente"=>{"razaosocial"=>"", "nomefantasia"=>"", "tipo"=>"", "documento"=>"", "telefone"=>""}, "commit"=>"Create Cliente"}
  [1m[35m (0.2ms)[0m  begin transaction
  [1m[36mCliente Exists (0.2ms)[0m  [1mSELECT  1 AS one FROM "clientes"  WHERE "clientes"."documento" = '' LIMIT 1[0m
  [1m[35m (0.1ms)[0m  rollback transaction
  Rendered clientes/_form.html.erb (6.8ms)
  Rendered clientes/new.html.erb within layouts/application (8.1ms)
Completed 200 OK in 82ms (Views: 46.2ms | ActiveRecord: 0.5ms)


Started GET "/assets/clientes.css?body=1" for 127.0.0.1 at 2015-02-07 17:34:14 -0200


Started GET "/assets/scaffolds.css?body=1" for 127.0.0.1 at 2015-02-07 17:34:14 -0200


Started GET "/assets/turbolinks.js?body=1" for 127.0.0.1 at 2015-02-07 17:34:14 -0200


Started GET "/assets/application.css?body=1" for 127.0.0.1 at 2015-02-07 17:34:14 -0200


Started GET "/assets/jquery.js?body=1" for 127.0.0.1 at 2015-02-07 17:34:14 -0200


Started GET "/assets/application.js?body=1" for 127.0.0.1 at 2015-02-07 17:34:14 -0200


Started GET "/assets/jquery_ujs.js?body=1" for 127.0.0.1 at 2015-02-07 17:34:14 -0200


Started GET "/assets/clientes.js?body=1" for 127.0.0.1 at 2015-02-07 17:34:14 -0200


Started GET "/clientes" for 127.0.0.1 at 2015-02-07 17:34:19 -0200
Processing by ClientesController#index as HTML
  [1m[36mCliente Load (0.2ms)[0m  [1mSELECT "clientes".* FROM "clientes"[0m
  Rendered clientes/index.html.erb within layouts/application (1.0ms)
Completed 200 OK in 46ms (Views: 44.7ms | ActiveRecord: 0.2ms)


Started GET "/assets/clientes.css?body=1" for 127.0.0.1 at 2015-02-07 17:34:19 -0200


Started GET "/assets/application.css?body=1" for 127.0.0.1 at 2015-02-07 17:34:19 -0200


Started GET "/assets/jquery_ujs.js?body=1" for 127.0.0.1 at 2015-02-07 17:34:19 -0200


Started GET "/assets/jquery.js?body=1" for 127.0.0.1 at 2015-02-07 17:34:19 -0200


Started GET "/assets/scaffolds.css?body=1" for 127.0.0.1 at 2015-02-07 17:34:19 -0200


Started GET "/assets/turbolinks.js?body=1" for 127.0.0.1 at 2015-02-07 17:34:19 -0200


Started GET "/assets/clientes.js?body=1" for 127.0.0.1 at 2015-02-07 17:34:19 -0200


Started GET "/assets/application.js?body=1" for 127.0.0.1 at 2015-02-07 17:34:19 -0200


Started GET "/clientes/new" for 127.0.0.1 at 2015-02-07 17:35:53 -0200
Processing by ClientesController#new as HTML
  Rendered clientes/_form.html.erb (5.0ms)
  Rendered clientes/new.html.erb within layouts/application (6.4ms)
Completed 200 OK in 49ms (Views: 47.6ms | ActiveRecord: 0.0ms)


Started POST "/clientes" for 127.0.0.1 at 2015-02-07 17:38:36 -0200
Processing by ClientesController#create as HTML
  Parameters: {"utf8"=>"✓", "authenticity_token"=>"AUDKISnV020VrDE18YceTFHvRymUxj+kXnnztuRFvhs=", "cliente"=>{"razaosocial"=>"Teste na primeira versão", "nomefantasia"=>"Teste1", "tipo"=>"CPF", "documento"=>"458", "telefone"=>"988"}, "commit"=>"Create Cliente"}
  [1m[35m (0.2ms)[0m  begin transaction
  [1m[36mCliente Exists (0.3ms)[0m  [1mSELECT  1 AS one FROM "clientes"  WHERE "clientes"."documento" = '458' LIMIT 1[0m
  [1m[35mSQL (0.6ms)[0m  INSERT INTO "clientes" ("created_at", "documento", "nomefantasia", "razaosocial", "telefone", "tipo", "updated_at") VALUES (?, ?, ?, ?, ?, ?, ?)  [["created_at", "2015-02-07 19:38:36.834202"], ["documento", "458"], ["nomefantasia", "Teste1"], ["razaosocial", "Teste na primeira versão"], ["telefone", "988"], ["tipo", "CPF"], ["updated_at", "2015-02-07 19:38:36.834202"]]
  [1m[36m (308.8ms)[0m  [1mcommit transaction[0m
Redirected to http://localhost:3000/clientes/1
Completed 302 Found in 322ms (ActiveRecord: 309.9ms)


Started GET "/clientes/1" for 127.0.0.1 at 2015-02-07 17:38:37 -0200
Processing by ClientesController#show as HTML
  Parameters: {"id"=>"1"}
  [1m[35mCliente Load (0.5ms)[0m  SELECT  "clientes".* FROM "clientes"  WHERE "clientes"."id" = ? LIMIT 1  [["id", 1]]
  Rendered clientes/show.html.erb within layouts/application (1.4ms)
Completed 200 OK in 60ms (Views: 56.8ms | ActiveRecord: 0.5ms)


Started GET "/assets/clientes.css?body=1" for 127.0.0.1 at 2015-02-07 17:38:37 -0200


Started GET "/assets/turbolinks.js?body=1" for 127.0.0.1 at 2015-02-07 17:38:37 -0200


Started GET "/assets/application.css?body=1" for 127.0.0.1 at 2015-02-07 17:38:37 -0200


Started GET "/assets/clientes.js?body=1" for 127.0.0.1 at 2015-02-07 17:38:37 -0200


Started GET "/assets/jquery.js?body=1" for 127.0.0.1 at 2015-02-07 17:38:37 -0200


Started GET "/assets/jquery_ujs.js?body=1" for 127.0.0.1 at 2015-02-07 17:38:37 -0200


Started GET "/assets/application.js?body=1" for 127.0.0.1 at 2015-02-07 17:38:37 -0200


Started GET "/assets/scaffolds.css?body=1" for 127.0.0.1 at 2015-02-07 17:38:37 -0200


Started GET "/clientes" for 127.0.0.1 at 2015-02-07 17:38:40 -0200
Processing by ClientesController#index as HTML
  [1m[36mCliente Load (0.3ms)[0m  [1mSELECT "clientes".* FROM "clientes"[0m
  Rendered clientes/index.html.erb within layouts/application (3.1ms)
Completed 200 OK in 49ms (Views: 47.8ms | ActiveRecord: 0.3ms)


Started GET "/clientes/1" for 127.0.0.1 at 2015-02-07 17:45:53 -0200
Processing by ClientesController#show as HTML
  Parameters: {"id"=>"1"}
  [1m[35mCliente Load (0.1ms)[0m  SELECT  "clientes".* FROM "clientes"  WHERE "clientes"."id" = ? LIMIT 1  [["id", 1]]
  Rendered clientes/show.html.erb within layouts/application (1.0ms)
Completed 200 OK in 51ms (Views: 49.5ms | ActiveRecord: 0.1ms)


Started GET "/clientes" for 127.0.0.1 at 2015-02-07 18:58:47 -0200
Processing by ClientesController#index as HTML
  [1m[36mCliente Load (0.3ms)[0m  [1mSELECT "clientes".* FROM "clientes"[0m
  Rendered clientes/index.html.erb within layouts/application (2.3ms)
Completed 200 OK in 50ms (Views: 48.1ms | ActiveRecord: 0.3ms)


Started GET "/clientes/new" for 127.0.0.1 at 2015-02-07 18:58:53 -0200
Processing by ClientesController#new as HTML
  Rendered clientes/_form.html.erb (6.3ms)
  Rendered clientes/new.html.erb within layouts/application (7.9ms)
Completed 200 OK in 58ms (Views: 57.3ms | ActiveRecord: 0.0ms)


Started POST "/clientes" for 127.0.0.1 at 2015-02-07 18:59:11 -0200
Processing by ClientesController#create as HTML
  Parameters: {"utf8"=>"✓", "authenticity_token"=>"AUDKISnV020VrDE18YceTFHvRymUxj+kXnnztuRFvhs=", "cliente"=>{"razaosocial"=>"Erika", "nomefantasia"=>"Erikinha", "tipo"=>"PF", "documento"=>"123", "telefone"=>"98888"}, "commit"=>"Create Cliente"}
  [1m[35m (0.2ms)[0m  begin transaction
  [1m[36mCliente Exists (0.2ms)[0m  [1mSELECT  1 AS one FROM "clientes"  WHERE "clientes"."documento" = '123' LIMIT 1[0m
  [1m[35mSQL (0.4ms)[0m  INSERT INTO "clientes" ("created_at", "documento", "nomefantasia", "razaosocial", "telefone", "tipo", "updated_at") VALUES (?, ?, ?, ?, ?, ?, ?)  [["created_at", "2015-02-07 20:59:11.854225"], ["documento", "123"], ["nomefantasia", "Erikinha"], ["razaosocial", "Erika"], ["telefone", "98888"], ["tipo", "PF"], ["updated_at", "2015-02-07 20:59:11.854225"]]
  [1m[36m (229.9ms)[0m  [1mcommit transaction[0m
Redirected to http://localhost:3000/clientes/2
Completed 302 Found in 237ms (ActiveRecord: 230.6ms)


Started GET "/clientes/2" for 127.0.0.1 at 2015-02-07 18:59:12 -0200
Processing by ClientesController#show as HTML
  Parameters: {"id"=>"2"}
  [1m[35mCliente Load (0.3ms)[0m  SELECT  "clientes".* FROM "clientes"  WHERE "clientes"."id" = ? LIMIT 1  [["id", 2]]
  Rendered clientes/show.html.erb within layouts/application (0.5ms)
Completed 200 OK in 46ms (Views: 43.5ms | ActiveRecord: 0.3ms)


Started GET "/assets/clientes.css?body=1" for 127.0.0.1 at 2015-02-07 18:59:12 -0200


Started GET "/assets/application.css?body=1" for 127.0.0.1 at 2015-02-07 18:59:12 -0200


Started GET "/assets/scaffolds.css?body=1" for 127.0.0.1 at 2015-02-07 18:59:12 -0200


Started GET "/assets/jquery.js?body=1" for 127.0.0.1 at 2015-02-07 18:59:12 -0200


Started GET "/assets/jquery_ujs.js?body=1" for 127.0.0.1 at 2015-02-07 18:59:12 -0200


Started GET "/assets/turbolinks.js?body=1" for 127.0.0.1 at 2015-02-07 18:59:12 -0200


Started GET "/assets/clientes.js?body=1" for 127.0.0.1 at 2015-02-07 18:59:12 -0200


Started GET "/assets/application.js?body=1" for 127.0.0.1 at 2015-02-07 18:59:12 -0200


Started GET "/clientes" for 127.0.0.1 at 2015-02-07 18:59:14 -0200
Processing by ClientesController#index as HTML
  [1m[36mCliente Load (0.4ms)[0m  [1mSELECT "clientes".* FROM "clientes"[0m
  Rendered clientes/index.html.erb within layouts/application (3.2ms)
Completed 200 OK in 51ms (Views: 49.1ms | ActiveRecord: 0.4ms)


Started GET "/clientes/new" for 127.0.0.1 at 2015-02-07 18:59:23 -0200
Processing by ClientesController#new as HTML
  Rendered clientes/_form.html.erb (4.4ms)
  Rendered clientes/new.html.erb within layouts/application (5.5ms)
Completed 200 OK in 49ms (Views: 47.5ms | ActiveRecord: 0.0ms)


Started POST "/clientes" for 127.0.0.1 at 2015-02-07 18:59:25 -0200
Processing by ClientesController#create as HTML
  Parameters: {"utf8"=>"✓", "authenticity_token"=>"AUDKISnV020VrDE18YceTFHvRymUxj+kXnnztuRFvhs=", "cliente"=>{"razaosocial"=>"", "nomefantasia"=>"", "tipo"=>"", "documento"=>"", "telefone"=>""}, "commit"=>"Create Cliente"}
  [1m[35m (0.1ms)[0m  begin transaction
  [1m[36mCliente Exists (0.3ms)[0m  [1mSELECT  1 AS one FROM "clientes"  WHERE "clientes"."documento" = '' LIMIT 1[0m
  [1m[35m (0.1ms)[0m  rollback transaction
  Rendered clientes/_form.html.erb (6.7ms)
  Rendered clientes/new.html.erb within layouts/application (7.6ms)
Completed 200 OK in 58ms (Views: 50.6ms | ActiveRecord: 0.5ms)


Started GET "/assets/jquery.js?body=1" for 127.0.0.1 at 2015-02-07 18:59:25 -0200


Started GET "/assets/turbolinks.js?body=1" for 127.0.0.1 at 2015-02-07 18:59:25 -0200


Started GET "/assets/application.css?body=1" for 127.0.0.1 at 2015-02-07 18:59:25 -0200


Started GET "/assets/jquery_ujs.js?body=1" for 127.0.0.1 at 2015-02-07 18:59:25 -0200


Started GET "/assets/clientes.js?body=1" for 127.0.0.1 at 2015-02-07 18:59:25 -0200


Started GET "/assets/clientes.css?body=1" for 127.0.0.1 at 2015-02-07 18:59:25 -0200


Started GET "/assets/scaffolds.css?body=1" for 127.0.0.1 at 2015-02-07 18:59:25 -0200


Started GET "/assets/application.js?body=1" for 127.0.0.1 at 2015-02-07 18:59:25 -0200


Started GET "/clientes" for 127.0.0.1 at 2015-02-07 18:59:37 -0200
Processing by ClientesController#index as HTML
  [1m[36mCliente Load (0.3ms)[0m  [1mSELECT "clientes".* FROM "clientes"[0m
  Rendered clientes/index.html.erb within layouts/application (3.0ms)
Completed 200 OK in 53ms (Views: 51.7ms | ActiveRecord: 0.3ms)


Started GET "/assets/clientes.css?body=1" for 127.0.0.1 at 2015-02-07 18:59:37 -0200


Started GET "/assets/jquery.js?body=1" for 127.0.0.1 at 2015-02-07 18:59:37 -0200


Started GET "/assets/application.css?body=1" for 127.0.0.1 at 2015-02-07 18:59:37 -0200


Started GET "/assets/jquery_ujs.js?body=1" for 127.0.0.1 at 2015-02-07 18:59:37 -0200


Started GET "/assets/turbolinks.js?body=1" for 127.0.0.1 at 2015-02-07 18:59:37 -0200


Started GET "/assets/scaffolds.css?body=1" for 127.0.0.1 at 2015-02-07 18:59:37 -0200


Started GET "/assets/clientes.js?body=1" for 127.0.0.1 at 2015-02-07 18:59:37 -0200


Started GET "/assets/application.js?body=1" for 127.0.0.1 at 2015-02-07 18:59:37 -0200
